Fitter report for RPMPv3
Mon Apr 23 00:09:50 2018
Quartus Prime Version 17.1.0 Build 590 10/25/2017 SJ Lite Edition


---------------------
; Table of Contents ;
---------------------
  1. Legal Notice
  2. Fitter Summary
  3. Fitter Settings
  4. Parallel Compilation
  5. Ignored Assignments
  6. Pin-Out File
  7. Fitter Resource Usage Summary
  8. Input Pins
  9. Output Pins
 10. Bidir Pins
 11. I/O Bank Usage
 12. All Package Pins
 13. Output Pin Default Load For Reported TCO
 14. Fitter Resource Utilization by Entity
 15. Delay Chain Summary
 16. Control Signals
 17. Global & Other Fast Signals
 18. Routing Usage Summary
 19. LAB Logic Elements
 20. LAB-wide Signals
 21. LAB Signals Sourced
 22. LAB Signals Sourced Out
 23. LAB Distinct Inputs
 24. Fitter Device Options
 25. Fitter Messages
 26. Fitter Suppressed Messages



----------------
; Legal Notice ;
----------------
Copyright (C) 2017  Intel Corporation. All rights reserved.
Your use of Intel Corporation's design tools, logic functions 
and other software and tools, and its AMPP partner logic 
functions, and any output files from any of the foregoing 
(including device programming or simulation files), and any 
associated documentation or information are expressly subject 
to the terms and conditions of the Intel Program License 
Subscription Agreement, the Intel Quartus Prime License Agreement,
the Intel FPGA IP License Agreement, or other applicable license
agreement, including, without limitation, that your use is for
the sole purpose of programming logic devices manufactured by
Intel and sold by Intel or its authorized distributors.  Please
refer to the applicable agreement for further details.



+---------------------------------------------------------------------+
; Fitter Summary                                                      ;
+-----------------------+---------------------------------------------+
; Fitter Status         ; Successful - Mon Apr 23 00:09:50 2018       ;
; Quartus Prime Version ; 17.1.0 Build 590 10/25/2017 SJ Lite Edition ;
; Revision Name         ; RPMPv3                                      ;
; Top-level Entity Name ; RPMPv3                                      ;
; Family                ; MAX II                                      ;
; Device                ; EPM240T100C5                                ;
; Timing Models         ; Final                                       ;
; Total logic elements  ; 170 / 240 ( 71 % )                          ;
; Total pins            ; 66 / 80 ( 83 % )                            ;
; Total virtual pins    ; 0                                           ;
; UFM blocks            ; 1 / 1 ( 100 % )                             ;
+-----------------------+---------------------------------------------+


+----------------------------------------------------------------------------------------------------------------------------------------------+
; Fitter Settings                                                                                                                              ;
+----------------------------------------------------------------------------+--------------------------------+--------------------------------+
; Option                                                                     ; Setting                        ; Default Value                  ;
+----------------------------------------------------------------------------+--------------------------------+--------------------------------+
; Device                                                                     ; EPM240T100C5                   ;                                ;
; Maximum processors allowed for parallel compilation                        ; 4                              ;                                ;
; Minimum Core Junction Temperature                                          ; 0                              ;                                ;
; Maximum Core Junction Temperature                                          ; 85                             ;                                ;
; Fit Attempts to Skip                                                       ; 0                              ; 0.0                            ;
; Use smart compilation                                                      ; Off                            ; Off                            ;
; Enable parallel Assembler and TimeQuest Timing Analyzer during compilation ; On                             ; On                             ;
; Enable compact report table                                                ; Off                            ; Off                            ;
; Router Timing Optimization Level                                           ; Normal                         ; Normal                         ;
; Placement Effort Multiplier                                                ; 1.0                            ; 1.0                            ;
; Router Effort Multiplier                                                   ; 1.0                            ; 1.0                            ;
; Always Enable Input Buffers                                                ; Off                            ; Off                            ;
; Optimize Hold Timing                                                       ; IO Paths and Minimum TPD Paths ; IO Paths and Minimum TPD Paths ;
; Optimize Multi-Corner Timing                                               ; Off                            ; Off                            ;
; Guarantee I/O Paths Have Zero Hold Time at Fast Corner                     ; On                             ; On                             ;
; Power Optimization During Fitting                                          ; Normal compilation             ; Normal compilation             ;
; Optimize Timing                                                            ; Normal compilation             ; Normal compilation             ;
; Optimize Timing for ECOs                                                   ; Off                            ; Off                            ;
; Regenerate Full Fit Report During ECO Compiles                             ; Off                            ; Off                            ;
; Optimize IOC Register Placement for Timing                                 ; Normal                         ; Normal                         ;
; Limit to One Fitting Attempt                                               ; Off                            ; Off                            ;
; Final Placement Optimizations                                              ; Automatically                  ; Automatically                  ;
; Fitter Aggressive Routability Optimizations                                ; Automatically                  ; Automatically                  ;
; Fitter Initial Placement Seed                                              ; 1                              ; 1                              ;
; Periphery to Core Placement and Routing Optimization                       ; Off                            ; Off                            ;
; Slow Slew Rate                                                             ; Off                            ; Off                            ;
; PCI I/O                                                                    ; Off                            ; Off                            ;
; Weak Pull-Up Resistor                                                      ; Off                            ; Off                            ;
; Enable Bus-Hold Circuitry                                                  ; Off                            ; Off                            ;
; Auto Delay Chains                                                          ; On                             ; On                             ;
; Auto Delay Chains for High Fanout Input Pins                               ; Off                            ; Off                            ;
; Perform Physical Synthesis for Combinational Logic for Performance         ; Off                            ; Off                            ;
; Perform Register Duplication for Performance                               ; Off                            ; Off                            ;
; Perform Register Retiming for Performance                                  ; Off                            ; Off                            ;
; Perform Asynchronous Signal Pipelining                                     ; Off                            ; Off                            ;
; Fitter Effort                                                              ; Auto Fit                       ; Auto Fit                       ;
; Physical Synthesis Effort Level                                            ; Normal                         ; Normal                         ;
; Logic Cell Insertion - Logic Duplication                                   ; Auto                           ; Auto                           ;
; Auto Register Duplication                                                  ; Auto                           ; Auto                           ;
; Auto Global Clock                                                          ; On                             ; On                             ;
; Auto Global Register Control Signals                                       ; On                             ; On                             ;
; Force Fitter to Avoid Periphery Placement Warnings                         ; Off                            ; Off                            ;
+----------------------------------------------------------------------------+--------------------------------+--------------------------------+


+------------------------------------------+
; Parallel Compilation                     ;
+----------------------------+-------------+
; Processors                 ; Number      ;
+----------------------------+-------------+
; Number detected on machine ; 4           ;
; Maximum allowed            ; 4           ;
;                            ;             ;
; Average used               ; 1.01        ;
; Maximum used               ; 4           ;
;                            ;             ;
; Usage by Processor         ; % Time Used ;
;     Processor 1            ; 100.0%      ;
;     Processors 2-4         ;   0.3%      ;
+----------------------------+-------------+


+-----------------------------------------------------------------------------------------------------------------------------------+
; Ignored Assignments                                                                                                               ;
+-----------------------------------------------------+----------------+--------------+------------+---------------+----------------+
; Name                                                ; Ignored Entity ; Ignored From ; Ignored To ; Ignored Value ; Ignored Source ;
+-----------------------------------------------------+----------------+--------------+------------+---------------+----------------+
; Virtual Pin                                         ; RPMPv3         ;              ; osc_sig    ; ON            ; QSF Assignment ;
; Enable D1 Fine Delay (I/O buffer to input register) ; RPMPv3         ;              ; a[*]       ; ON            ; QSF Assignment ;
; Synchronizer Toggle Rate                            ; RPMPv3         ;              ; r[*]       ; 0             ; QSF Assignment ;
+-----------------------------------------------------+----------------+--------------+------------+---------------+----------------+


+--------------+
; Pin-Out File ;
+--------------+
The pin-out file can be found in C:/msys64/home/meesokim/RasMsxPack/output_files/RPMPv3.pin.


+---------------------------------------------------------------------+
; Fitter Resource Usage Summary                                       ;
+---------------------------------------------+-----------------------+
; Resource                                    ; Usage                 ;
+---------------------------------------------+-----------------------+
; Total logic elements                        ; 170 / 240 ( 71 % )    ;
;     -- Combinational with no register       ; 60                    ;
;     -- Register only                        ; 30                    ;
;     -- Combinational with a register        ; 80                    ;
;                                             ;                       ;
; Logic element usage by number of LUT inputs ;                       ;
;     -- 4 input functions                    ; 75                    ;
;     -- 3 input functions                    ; 27                    ;
;     -- 2 input functions                    ; 32                    ;
;     -- 1 input functions                    ; 5                     ;
;     -- 0 input functions                    ; 1                     ;
;                                             ;                       ;
; Logic elements by mode                      ;                       ;
;     -- normal mode                          ; 149                   ;
;     -- arithmetic mode                      ; 21                    ;
;     -- qfbk mode                            ; 8                     ;
;     -- register cascade mode                ; 0                     ;
;     -- synchronous clear/load mode          ; 42                    ;
;     -- asynchronous clear/load mode         ; 0                     ;
;                                             ;                       ;
; Total registers                             ; 110 / 240 ( 46 % )    ;
; Total LABs                                  ; 21 / 24 ( 88 % )      ;
; Logic elements in carry chains              ; 23                    ;
; Virtual pins                                ; 0                     ;
; I/O pins                                    ; 66 / 80 ( 83 % )      ;
;     -- Clock pins                           ; 3 / 4 ( 75 % )        ;
;                                             ;                       ;
; UFM blocks                                  ; 1 / 1 ( 100 % )       ;
;                                             ;                       ;
;     -- Total Fixed Point DSP Blocks         ; 0                     ;
;     -- Total Floating Point DSP Blocks      ; 0                     ;
;                                             ;                       ;
; Global signals                              ; 1                     ;
;     -- Global clocks                        ; 1 / 4 ( 25 % )        ;
; JTAGs                                       ; 0 / 1 ( 0 % )         ;
; Average interconnect usage (total/H/V)      ; 28.4% / 26.8% / 30.1% ;
; Peak interconnect usage (total/H/V)         ; 28.4% / 26.8% / 30.1% ;
; Maximum fan-out                             ; 110                   ;
; Highest non-global fan-out                  ; 20                    ;
; Total fan-out                               ; 735                   ;
; Average fan-out                             ; 3.10                  ;
+---------------------------------------------+-----------------------+


+--------------------------------------------------------------------------------------------------------------------------------------------------------------------------------------------------------------------------------+
; Input Pins                                                                                                                                                                                                                     ;
+--------+-------+----------+--------------+--------------+-------------+-----------------------+--------------------+--------+-----------------+----------+--------------+--------------+----------------------+----------------+
; Name   ; Pin # ; I/O Bank ; X coordinate ; Y coordinate ; Cell number ; Combinational Fan-Out ; Registered Fan-Out ; Global ; PCI I/O Enabled ; Bus Hold ; Weak Pull Up ; I/O Standard ; Location assigned by ; Slow Slew Rate ;
+--------+-------+----------+--------------+--------------+-------------+-----------------------+--------------------+--------+-----------------+----------+--------------+--------------+----------------------+----------------+
; RATN   ; 70    ; 2        ; 8            ; 4            ; 4           ; 2                     ; 0                  ; no     ; no              ; no       ; Off          ; 3.3-V LVTTL  ; User                 ; no             ;
; a[0]   ; 36    ; 1        ; 4            ; 0            ; 2           ; 8                     ; 0                  ; no     ; no              ; no       ; Off          ; 3.3-V LVTTL  ; User                 ; no             ;
; a[10]  ; 50    ; 1        ; 7            ; 0            ; 1           ; 1                     ; 0                  ; no     ; no              ; no       ; Off          ; 3.3-V LVTTL  ; User                 ; no             ;
; a[11]  ; 51    ; 1        ; 7            ; 0            ; 0           ; 1                     ; 0                  ; no     ; no              ; no       ; Off          ; 3.3-V LVTTL  ; User                 ; no             ;
; a[12]  ; 48    ; 1        ; 6            ; 0            ; 0           ; 1                     ; 0                  ; no     ; no              ; no       ; Off          ; 3.3-V LVTTL  ; User                 ; no             ;
; a[13]  ; 49    ; 1        ; 7            ; 0            ; 2           ; 1                     ; 0                  ; no     ; no              ; no       ; Off          ; 3.3-V LVTTL  ; User                 ; no             ;
; a[14]  ; 54    ; 2        ; 8            ; 1            ; 2           ; 1                     ; 0                  ; no     ; no              ; no       ; Off          ; 3.3-V LVTTL  ; User                 ; no             ;
; a[15]  ; 55    ; 2        ; 8            ; 1            ; 1           ; 1                     ; 0                  ; no     ; no              ; no       ; Off          ; 3.3-V LVTTL  ; User                 ; no             ;
; a[1]   ; 38    ; 1        ; 4            ; 0            ; 0           ; 9                     ; 0                  ; no     ; no              ; no       ; Off          ; 3.3-V LVTTL  ; User                 ; no             ;
; a[2]   ; 34    ; 1        ; 3            ; 0            ; 1           ; 8                     ; 0                  ; no     ; no              ; no       ; Off          ; 3.3-V LVTTL  ; User                 ; no             ;
; a[3]   ; 30    ; 1        ; 3            ; 0            ; 3           ; 9                     ; 0                  ; no     ; no              ; no       ; Off          ; 3.3-V LVTTL  ; User                 ; no             ;
; a[4]   ; 26    ; 1        ; 2            ; 0            ; 3           ; 2                     ; 0                  ; no     ; no              ; no       ; Off          ; 3.3-V LVTTL  ; User                 ; no             ;
; a[5]   ; 28    ; 1        ; 2            ; 0            ; 1           ; 2                     ; 0                  ; no     ; no              ; no       ; Off          ; 3.3-V LVTTL  ; User                 ; no             ;
; a[6]   ; 40    ; 1        ; 5            ; 0            ; 2           ; 2                     ; 0                  ; no     ; no              ; no       ; Off          ; 3.3-V LVTTL  ; User                 ; no             ;
; a[7]   ; 42    ; 1        ; 5            ; 0            ; 0           ; 2                     ; 0                  ; no     ; no              ; no       ; Off          ; 3.3-V LVTTL  ; User                 ; no             ;
; a[8]   ; 52    ; 2        ; 8            ; 1            ; 4           ; 1                     ; 0                  ; no     ; no              ; no       ; Off          ; 3.3-V LVTTL  ; User                 ; no             ;
; a[9]   ; 53    ; 2        ; 8            ; 1            ; 3           ; 1                     ; 0                  ; no     ; no              ; no       ; Off          ; 3.3-V LVTTL  ; User                 ; no             ;
; clk    ; 17    ; 1        ; 1            ; 2            ; 3           ; 0                     ; 0                  ; no     ; no              ; no       ; Off          ; 3.3-V LVTTL  ; User                 ; no             ;
; cmd[0] ; 68    ; 2        ; 8            ; 3            ; 1           ; 20                    ; 0                  ; no     ; no              ; no       ; Off          ; 3.3-V LVTTL  ; User                 ; no             ;
; cmd[1] ; 88    ; 2        ; 5            ; 5            ; 3           ; 5                     ; 0                  ; no     ; no              ; no       ; Off          ; 3.3-V LVTTL  ; User                 ; no             ;
; msltsl ; 67    ; 2        ; 8            ; 3            ; 2           ; 2                     ; 0                  ; no     ; no              ; no       ; Off          ; 3.3-V LVTTL  ; User                 ; no             ;
; zclk   ; 14    ; 1        ; 1            ; 2            ; 0           ; 0                     ; 0                  ; no     ; no              ; no       ; Off          ; 3.3-V LVTTL  ; User                 ; no             ;
; ziorq  ; 64    ; 2        ; 8            ; 3            ; 4           ; 3                     ; 0                  ; no     ; no              ; no       ; Off          ; 3.3-V LVTTL  ; User                 ; no             ;
; zmreq  ; 62    ; 2        ; 8            ; 2            ; 0           ; 4                     ; 0                  ; no     ; no              ; no       ; Off          ; 3.3-V LVTTL  ; User                 ; no             ;
; zrd    ; 58    ; 2        ; 8            ; 2            ; 2           ; 3                     ; 0                  ; no     ; no              ; no       ; Off          ; 3.3-V LVTTL  ; User                 ; no             ;
; zrst   ; 57    ; 2        ; 8            ; 2            ; 3           ; 4                     ; 0                  ; no     ; no              ; no       ; Off          ; 3.3-V LVTTL  ; User                 ; no             ;
; zwr    ; 61    ; 2        ; 8            ; 2            ; 1           ; 8                     ; 0                  ; no     ; no              ; no       ; Off          ; 3.3-V LVTTL  ; User                 ; no             ;
+--------+-------+----------+--------------+--------------+-------------+-----------------------+--------------------+--------+-----------------+----------+--------------+--------------+----------------------+----------------+


+--------------------------------------------------------------------------------------------------------------------------------------------------------------------------------------------------------------------------------------------------------------------------------------------------------------------------+
; Output Pins                                                                                                                                                                                                                                                                                                              ;
+--------+-------+----------+--------------+--------------+-------------+-----------------+----------------+-----------------+------------+---------------+----------+--------------+--------------+------------------+------------------------+----------------------+-------+----------------------+---------------------+
; Name   ; Pin # ; I/O Bank ; X coordinate ; Y coordinate ; Cell number ; Output Register ; Slow Slew Rate ; PCI I/O Enabled ; Open Drain ; TRI Primitive ; Bus Hold ; Weak Pull Up ; I/O Standard ; Current Strength ; Fast Output Connection ; Location assigned by ; Load  ; Output Enable Source ; Output Enable Group ;
+--------+-------+----------+--------------+--------------+-------------+-----------------+----------------+-----------------+------------+---------------+----------+--------------+--------------+------------------+------------------------+----------------------+-------+----------------------+---------------------+
; ACK    ; 85    ; 2        ; 5            ; 5            ; 0           ; no              ; no             ; no              ; no         ; no            ; no       ; Off          ; 3.3-V LVTTL  ; 16mA             ; no                     ; User                 ; 10 pF ; -                    ; -                   ;
; ATN    ; 90    ; 2        ; 4            ; 5            ; 1           ; no              ; no             ; no              ; no         ; no            ; no       ; Off          ; 3.3-V LVTTL  ; 16mA             ; no                     ; User                 ; 10 pF ; -                    ; -                   ;
; ad     ; 21    ; 1        ; 1            ; 1            ; 3           ; no              ; no             ; no              ; no         ; no            ; no       ; Off          ; 3.3-V LVTTL  ; 16mA             ; no                     ; User                 ; 10 pF ; -                    ; -                   ;
; cd     ; 20    ; 1        ; 1            ; 1            ; 2           ; no              ; no             ; no              ; no         ; no            ; no       ; Off          ; 3.3-V LVTTL  ; 16mA             ; no                     ; User                 ; 10 pF ; -                    ; -                   ;
; dd     ; 44    ; 1        ; 6            ; 0            ; 2           ; no              ; no             ; no              ; no         ; no            ; no       ; Off          ; 3.3-V LVTTL  ; 16mA             ; no                     ; User                 ; 10 pF ; -                    ; -                   ;
; led[0] ; 4     ; 1        ; 1            ; 4            ; 2           ; no              ; no             ; no              ; no         ; no            ; no       ; Off          ; 3.3-V LVTTL  ; 16mA             ; no                     ; User                 ; 10 pF ; -                    ; -                   ;
; led[1] ; 5     ; 1        ; 1            ; 4            ; 3           ; no              ; no             ; no              ; no         ; no            ; no       ; Off          ; 3.3-V LVTTL  ; 16mA             ; no                     ; User                 ; 10 pF ; -                    ; -                   ;
; led[2] ; 6     ; 1        ; 1            ; 3            ; 0           ; no              ; no             ; no              ; no         ; no            ; no       ; Off          ; 3.3-V LVTTL  ; 16mA             ; no                     ; User                 ; 10 pF ; -                    ; -                   ;
; mbd    ; 3     ; 1        ; 1            ; 4            ; 1           ; no              ; no             ; no              ; no         ; no            ; no       ; Off          ; 3.3-V LVTTL  ; 16mA             ; no                     ; User                 ; 10 pF ; -                    ; -                   ;
; rs[0]  ; 72    ; 2        ; 8            ; 4            ; 2           ; no              ; no             ; no              ; no         ; no            ; no       ; Off          ; 3.3-V LVTTL  ; 16mA             ; no                     ; User                 ; 10 pF ; -                    ; -                   ;
; rs[1]  ; 91    ; 2        ; 4            ; 5            ; 2           ; no              ; no             ; no              ; no         ; no            ; no       ; Off          ; 3.3-V LVTTL  ; 16mA             ; no                     ; User                 ; 10 pF ; -                    ; -                   ;
; rs[2]  ; 92    ; 2        ; 3            ; 5            ; 0           ; no              ; no             ; no              ; no         ; no            ; no       ; Off          ; 3.3-V LVTTL  ; 16mA             ; no                     ; User                 ; 10 pF ; -                    ; -                   ;
; rs[3]  ; 71    ; 2        ; 8            ; 4            ; 3           ; no              ; no             ; no              ; no         ; no            ; no       ; Off          ; 3.3-V LVTTL  ; 16mA             ; no                     ; User                 ; 10 pF ; -                    ; -                   ;
; zint   ; 2     ; 1        ; 1            ; 4            ; 0           ; no              ; no             ; no              ; no         ; no            ; no       ; Off          ; 3.3-V LVTTL  ; 16mA             ; no                     ; User                 ; 10 pF ; -                    ; -                   ;
; zwait  ; 1     ; 2        ; 2            ; 5            ; 3           ; no              ; no             ; no              ; no         ; no            ; no       ; Off          ; 3.3-V LVTTL  ; 16mA             ; no                     ; User                 ; 10 pF ; -                    ; -                   ;
+--------+-------+----------+--------------+--------------+-------------+-----------------+----------------+-----------------+------------+---------------+----------+--------------+--------------+------------------+------------------------+----------------------+-------+----------------------+---------------------+


+---------------------------------------------------------------------------------------------------------------------------------------------------------------------------------------------------------------------------------------------------------------------------------------------------------------------------------------------------------------+
; Bidir Pins                                                                                                                                                                                                                                                                                                                                                    ;
+-------+-------+----------+--------------+--------------+-------------+-----------------------+--------------------+--------+-----------------+----------------+-----------------+------------+----------+--------------+--------------+------------------+------------------------+----------------------+-------+----------------------+---------------------+
; Name  ; Pin # ; I/O Bank ; X coordinate ; Y coordinate ; Cell number ; Combinational Fan-Out ; Registered Fan-Out ; Global ; Output Register ; Slow Slew Rate ; PCI I/O Enabled ; Open Drain ; Bus Hold ; Weak Pull Up ; I/O Standard ; Current Strength ; Fast Output Connection ; Location assigned by ; Load  ; Output Enable Source ; Output Enable Group ;
+-------+-------+----------+--------------+--------------+-------------+-----------------------+--------------------+--------+-----------------+----------------+-----------------+------------+----------+--------------+--------------+------------------+------------------------+----------------------+-------+----------------------+---------------------+
; d[0]  ; 41    ; 1        ; 5            ; 0            ; 1           ; 1                     ; 0                  ; no     ; no              ; no             ; no              ; no         ; no       ; Off          ; 3.3-V LVTTL  ; 16mA             ; no                     ; User                 ; 10 pF ; rvalid               ; -                   ;
; d[1]  ; 43    ; 1        ; 6            ; 0            ; 3           ; 1                     ; 0                  ; no     ; no              ; no             ; no              ; no         ; no       ; Off          ; 3.3-V LVTTL  ; 16mA             ; no                     ; User                 ; 10 pF ; rvalid               ; -                   ;
; d[2]  ; 37    ; 1        ; 4            ; 0            ; 1           ; 1                     ; 0                  ; no     ; no              ; no             ; no              ; no         ; no       ; Off          ; 3.3-V LVTTL  ; 16mA             ; no                     ; User                 ; 10 pF ; rvalid               ; -                   ;
; d[3]  ; 39    ; 1        ; 5            ; 0            ; 3           ; 1                     ; 0                  ; no     ; no              ; no             ; no              ; no         ; no       ; Off          ; 3.3-V LVTTL  ; 16mA             ; no                     ; User                 ; 10 pF ; rvalid               ; -                   ;
; d[4]  ; 33    ; 1        ; 3            ; 0            ; 2           ; 1                     ; 0                  ; no     ; no              ; no             ; no              ; no         ; no       ; Off          ; 3.3-V LVTTL  ; 16mA             ; no                     ; User                 ; 10 pF ; rvalid               ; -                   ;
; d[5]  ; 35    ; 1        ; 3            ; 0            ; 0           ; 1                     ; 0                  ; no     ; no              ; no             ; no              ; no         ; no       ; Off          ; 3.3-V LVTTL  ; 16mA             ; no                     ; User                 ; 10 pF ; rvalid               ; -                   ;
; d[6]  ; 27    ; 1        ; 2            ; 0            ; 2           ; 1                     ; 0                  ; no     ; no              ; no             ; no              ; no         ; no       ; Off          ; 3.3-V LVTTL  ; 16mA             ; no                     ; User                 ; 10 pF ; rvalid               ; -                   ;
; d[7]  ; 29    ; 1        ; 2            ; 0            ; 0           ; 1                     ; 0                  ; no     ; no              ; no             ; no              ; no         ; no       ; Off          ; 3.3-V LVTTL  ; 16mA             ; no                     ; User                 ; 10 pF ; rvalid               ; -                   ;
; r[0]  ; 77    ; 2        ; 7            ; 5            ; 2           ; 9                     ; 0                  ; no     ; no              ; no             ; no              ; no         ; no       ; Off          ; 3.3-V LVTTL  ; 16mA             ; no                     ; User                 ; 10 pF ; r[0]~en (inverted)   ; -                   ;
; r[10] ; 86    ; 2        ; 5            ; 5            ; 1           ; 0                     ; 0                  ; no     ; no              ; no             ; no              ; no         ; no       ; Off          ; 3.3-V LVTTL  ; 16mA             ; no                     ; User                 ; 10 pF ; r[10]~en (inverted)  ; -                   ;
; r[11] ; 82    ; 2        ; 6            ; 5            ; 1           ; 1                     ; 0                  ; no     ; no              ; no             ; no              ; no         ; no       ; Off          ; 3.3-V LVTTL  ; 16mA             ; no                     ; User                 ; 10 pF ; r[11]~en (inverted)  ; -                   ;
; r[12] ; 75    ; 2        ; 7            ; 5            ; 0           ; 0                     ; 0                  ; no     ; no              ; no             ; no              ; no         ; no       ; Off          ; 3.3-V LVTTL  ; 16mA             ; no                     ; User                 ; 10 pF ; r[12]~en (inverted)  ; -                   ;
; r[13] ; 73    ; 2        ; 8            ; 4            ; 1           ; 0                     ; 0                  ; no     ; no              ; no             ; no              ; no         ; no       ; Off          ; 3.3-V LVTTL  ; 16mA             ; no                     ; User                 ; 10 pF ; r[13]~en (inverted)  ; -                   ;
; r[14] ; 97    ; 2        ; 3            ; 5            ; 3           ; 1                     ; 0                  ; no     ; no              ; no             ; no              ; no         ; no       ; Off          ; 3.3-V LVTTL  ; 16mA             ; no                     ; User                 ; 10 pF ; r[14]~en (inverted)  ; -                   ;
; r[15] ; 95    ; 2        ; 3            ; 5            ; 1           ; 1                     ; 0                  ; no     ; no              ; no             ; no              ; no         ; no       ; Off          ; 3.3-V LVTTL  ; 16mA             ; no                     ; User                 ; 10 pF ; r[15]~en (inverted)  ; -                   ;
; r[1]  ; 78    ; 2        ; 7            ; 5            ; 3           ; 9                     ; 0                  ; no     ; no              ; no             ; no              ; no         ; no       ; Off          ; 3.3-V LVTTL  ; 16mA             ; yes                    ; User                 ; 10 pF ; r[1]~en (inverted)   ; -                   ;
; r[2]  ; 99    ; 2        ; 2            ; 5            ; 1           ; 9                     ; 0                  ; no     ; no              ; no             ; no              ; no         ; no       ; Off          ; 3.3-V LVTTL  ; 16mA             ; no                     ; User                 ; 10 pF ; r[2]~en (inverted)   ; -                   ;
; r[3]  ; 98    ; 2        ; 2            ; 5            ; 0           ; 7                     ; 0                  ; no     ; no              ; no             ; no              ; no         ; no       ; Off          ; 3.3-V LVTTL  ; 16mA             ; no                     ; User                 ; 10 pF ; r[3]~en (inverted)   ; -                   ;
; r[4]  ; 96    ; 2        ; 3            ; 5            ; 2           ; 7                     ; 0                  ; no     ; no              ; no             ; no              ; no         ; no       ; Off          ; 3.3-V LVTTL  ; 16mA             ; no                     ; User                 ; 10 pF ; r[4]~en (inverted)   ; -                   ;
; r[5]  ; 76    ; 2        ; 7            ; 5            ; 1           ; 1                     ; 0                  ; no     ; no              ; no             ; no              ; no         ; no       ; Off          ; 3.3-V LVTTL  ; 16mA             ; no                     ; User                 ; 10 pF ; r[5]~en (inverted)   ; -                   ;
; r[6]  ; 74    ; 2        ; 8            ; 4            ; 0           ; 1                     ; 0                  ; no     ; no              ; no             ; no              ; no         ; no       ; Off          ; 3.3-V LVTTL  ; 16mA             ; no                     ; User                 ; 10 pF ; r[6]~en (inverted)   ; -                   ;
; r[7]  ; 81    ; 2        ; 6            ; 5            ; 0           ; 1                     ; 0                  ; no     ; no              ; no             ; no              ; no         ; no       ; Off          ; 3.3-V LVTTL  ; 16mA             ; no                     ; User                 ; 10 pF ; r[7]~en (inverted)   ; -                   ;
; r[8]  ; 83    ; 2        ; 6            ; 5            ; 2           ; 18                    ; 0                  ; no     ; no              ; no             ; no              ; no         ; no       ; Off          ; 3.3-V LVTTL  ; 16mA             ; no                     ; User                 ; 10 pF ; r[8]~en (inverted)   ; -                   ;
; r[9]  ; 84    ; 2        ; 6            ; 5            ; 3           ; 1                     ; 0                  ; no     ; no              ; no             ; no              ; no         ; no       ; Off          ; 3.3-V LVTTL  ; 16mA             ; no                     ; User                 ; 10 pF ; r[9]~en (inverted)   ; -                   ;
+-------+-------+----------+--------------+--------------+-------------+-----------------------+--------------------+--------+-----------------+----------------+-----------------+------------+----------+--------------+--------------+------------------+------------------------+----------------------+-------+----------------------+---------------------+


+------------------------------------------------------------+
; I/O Bank Usage                                             ;
+----------+------------------+---------------+--------------+
; I/O Bank ; Usage            ; VCCIO Voltage ; VREF Voltage ;
+----------+------------------+---------------+--------------+
; 1        ; 30 / 38 ( 79 % ) ; 3.3V          ; --           ;
; 2        ; 36 / 42 ( 86 % ) ; 3.3V          ; --           ;
+----------+------------------+---------------+--------------+


+------------------------------------------------------------------------------------------------------------------------------------------------+
; All Package Pins                                                                                                                               ;
+----------+------------+----------+----------------+--------+--------------+-----------+------------+-----------------+----------+--------------+
; Location ; Pad Number ; I/O Bank ; Pin Name/Usage ; Dir.   ; I/O Standard ; Voltage   ; I/O Type   ; User Assignment ; Bus Hold ; Weak Pull Up ;
+----------+------------+----------+----------------+--------+--------------+-----------+------------+-----------------+----------+--------------+
; 1        ; 83         ; 2        ; zwait          ; output ; 3.3-V LVTTL  ;           ; Column I/O ; Y               ; no       ; Off          ;
; 2        ; 0          ; 1        ; zint           ; output ; 3.3-V LVTTL  ;           ; Row I/O    ; Y               ; no       ; Off          ;
; 3        ; 1          ; 1        ; mbd            ; output ; 3.3-V LVTTL  ;           ; Row I/O    ; Y               ; no       ; Off          ;
; 4        ; 2          ; 1        ; led[0]         ; output ; 3.3-V LVTTL  ;           ; Row I/O    ; Y               ; no       ; Off          ;
; 5        ; 3          ; 1        ; led[1]         ; output ; 3.3-V LVTTL  ;           ; Row I/O    ; Y               ; no       ; Off          ;
; 6        ; 4          ; 1        ; led[2]         ; output ; 3.3-V LVTTL  ;           ; Row I/O    ; Y               ; no       ; Off          ;
; 7        ; 5          ; 1        ; GND*           ;        ;              ;           ; Row I/O    ;                 ; no       ; Off          ;
; 8        ; 6          ; 1        ; GND*           ;        ;              ;           ; Row I/O    ;                 ; no       ; Off          ;
; 9        ;            ; 1        ; VCCIO1         ; power  ;              ; 3.3V      ; --         ;                 ; --       ; --           ;
; 10       ;            ;          ; GNDIO          ; gnd    ;              ;           ; --         ;                 ; --       ; --           ;
; 11       ;            ;          ; GNDINT         ; gnd    ;              ;           ; --         ;                 ; --       ; --           ;
; 12       ; 7          ; 1        ; GND*           ;        ;              ;           ; Row I/O    ;                 ; no       ; Off          ;
; 13       ;            ;          ; VCCINT         ; power  ;              ; 2.5V/3.3V ; --         ;                 ; --       ; --           ;
; 14       ; 8          ; 1        ; zclk           ; input  ; 3.3-V LVTTL  ;           ; Row I/O    ; Y               ; no       ; Off          ;
; 15       ; 9          ; 1        ; GND*           ;        ;              ;           ; Row I/O    ;                 ; no       ; Off          ;
; 16       ; 10         ; 1        ; GND*           ;        ;              ;           ; Row I/O    ;                 ; no       ; Off          ;
; 17       ; 11         ; 1        ; clk            ; input  ; 3.3-V LVTTL  ;           ; Row I/O    ; Y               ; no       ; Off          ;
; 18       ; 12         ; 1        ; GND*           ;        ;              ;           ; Row I/O    ;                 ; no       ; Off          ;
; 19       ; 13         ; 1        ; GND*           ;        ;              ;           ; Row I/O    ;                 ; no       ; Off          ;
; 20       ; 14         ; 1        ; cd             ; output ; 3.3-V LVTTL  ;           ; Row I/O    ; Y               ; no       ; Off          ;
; 21       ; 15         ; 1        ; ad             ; output ; 3.3-V LVTTL  ;           ; Row I/O    ; Y               ; no       ; Off          ;
; 22       ; 16         ; 1        ; #TMS           ; input  ;              ;           ; --         ;                 ; --       ; --           ;
; 23       ; 17         ; 1        ; #TDI           ; input  ;              ;           ; --         ;                 ; --       ; --           ;
; 24       ; 18         ; 1        ; #TCK           ; input  ;              ;           ; --         ;                 ; --       ; --           ;
; 25       ; 19         ; 1        ; #TDO           ; output ;              ;           ; --         ;                 ; --       ; --           ;
; 26       ; 20         ; 1        ; a[4]           ; input  ; 3.3-V LVTTL  ;           ; Column I/O ; Y               ; no       ; Off          ;
; 27       ; 21         ; 1        ; d[6]           ; bidir  ; 3.3-V LVTTL  ;           ; Column I/O ; Y               ; no       ; Off          ;
; 28       ; 22         ; 1        ; a[5]           ; input  ; 3.3-V LVTTL  ;           ; Column I/O ; Y               ; no       ; Off          ;
; 29       ; 23         ; 1        ; d[7]           ; bidir  ; 3.3-V LVTTL  ;           ; Column I/O ; Y               ; no       ; Off          ;
; 30       ; 24         ; 1        ; a[3]           ; input  ; 3.3-V LVTTL  ;           ; Column I/O ; Y               ; no       ; Off          ;
; 31       ;            ; 1        ; VCCIO1         ; power  ;              ; 3.3V      ; --         ;                 ; --       ; --           ;
; 32       ;            ;          ; GNDIO          ; gnd    ;              ;           ; --         ;                 ; --       ; --           ;
; 33       ; 25         ; 1        ; d[4]           ; bidir  ; 3.3-V LVTTL  ;           ; Column I/O ; Y               ; no       ; Off          ;
; 34       ; 26         ; 1        ; a[2]           ; input  ; 3.3-V LVTTL  ;           ; Column I/O ; Y               ; no       ; Off          ;
; 35       ; 27         ; 1        ; d[5]           ; bidir  ; 3.3-V LVTTL  ;           ; Column I/O ; Y               ; no       ; Off          ;
; 36       ; 28         ; 1        ; a[0]           ; input  ; 3.3-V LVTTL  ;           ; Column I/O ; Y               ; no       ; Off          ;
; 37       ; 29         ; 1        ; d[2]           ; bidir  ; 3.3-V LVTTL  ;           ; Column I/O ; Y               ; no       ; Off          ;
; 38       ; 30         ; 1        ; a[1]           ; input  ; 3.3-V LVTTL  ;           ; Column I/O ; Y               ; no       ; Off          ;
; 39       ; 31         ; 1        ; d[3]           ; bidir  ; 3.3-V LVTTL  ;           ; Column I/O ; Y               ; no       ; Off          ;
; 40       ; 32         ; 1        ; a[6]           ; input  ; 3.3-V LVTTL  ;           ; Column I/O ; Y               ; no       ; Off          ;
; 41       ; 33         ; 1        ; d[0]           ; bidir  ; 3.3-V LVTTL  ;           ; Column I/O ; Y               ; no       ; Off          ;
; 42       ; 34         ; 1        ; a[7]           ; input  ; 3.3-V LVTTL  ;           ; Column I/O ; Y               ; no       ; Off          ;
; 43       ; 35         ; 1        ; d[1]           ; bidir  ; 3.3-V LVTTL  ;           ; Column I/O ; Y               ; no       ; Off          ;
; 44       ; 36         ; 1        ; dd             ; output ; 3.3-V LVTTL  ;           ; Column I/O ; Y               ; no       ; Off          ;
; 45       ;            ; 1        ; VCCIO1         ; power  ;              ; 3.3V      ; --         ;                 ; --       ; --           ;
; 46       ;            ;          ; GNDIO          ; gnd    ;              ;           ; --         ;                 ; --       ; --           ;
; 47       ; 37         ; 1        ; GND*           ;        ;              ;           ; Column I/O ;                 ; no       ; Off          ;
; 48       ; 38         ; 1        ; a[12]          ; input  ; 3.3-V LVTTL  ;           ; Column I/O ; Y               ; no       ; Off          ;
; 49       ; 39         ; 1        ; a[13]          ; input  ; 3.3-V LVTTL  ;           ; Column I/O ; Y               ; no       ; Off          ;
; 50       ; 40         ; 1        ; a[10]          ; input  ; 3.3-V LVTTL  ;           ; Column I/O ; Y               ; no       ; Off          ;
; 51       ; 41         ; 1        ; a[11]          ; input  ; 3.3-V LVTTL  ;           ; Column I/O ; Y               ; no       ; Off          ;
; 52       ; 42         ; 2        ; a[8]           ; input  ; 3.3-V LVTTL  ;           ; Row I/O    ; Y               ; no       ; Off          ;
; 53       ; 43         ; 2        ; a[9]           ; input  ; 3.3-V LVTTL  ;           ; Row I/O    ; Y               ; no       ; Off          ;
; 54       ; 44         ; 2        ; a[14]          ; input  ; 3.3-V LVTTL  ;           ; Row I/O    ; Y               ; no       ; Off          ;
; 55       ; 45         ; 2        ; a[15]          ; input  ; 3.3-V LVTTL  ;           ; Row I/O    ; Y               ; no       ; Off          ;
; 56       ; 46         ; 2        ; GND*           ;        ;              ;           ; Row I/O    ;                 ; no       ; Off          ;
; 57       ; 47         ; 2        ; zrst           ; input  ; 3.3-V LVTTL  ;           ; Row I/O    ; Y               ; no       ; Off          ;
; 58       ; 48         ; 2        ; zrd            ; input  ; 3.3-V LVTTL  ;           ; Row I/O    ; Y               ; no       ; Off          ;
; 59       ;            ; 2        ; VCCIO2         ; power  ;              ; 3.3V      ; --         ;                 ; --       ; --           ;
; 60       ;            ;          ; GNDIO          ; gnd    ;              ;           ; --         ;                 ; --       ; --           ;
; 61       ; 49         ; 2        ; zwr            ; input  ; 3.3-V LVTTL  ;           ; Row I/O    ; Y               ; no       ; Off          ;
; 62       ; 50         ; 2        ; zmreq          ; input  ; 3.3-V LVTTL  ;           ; Row I/O    ; Y               ; no       ; Off          ;
; 63       ;            ;          ; VCCINT         ; power  ;              ; 2.5V/3.3V ; --         ;                 ; --       ; --           ;
; 64       ; 51         ; 2        ; ziorq          ; input  ; 3.3-V LVTTL  ;           ; Row I/O    ; Y               ; no       ; Off          ;
; 65       ;            ;          ; GNDINT         ; gnd    ;              ;           ; --         ;                 ; --       ; --           ;
; 66       ; 52         ; 2        ; GND*           ;        ;              ;           ; Row I/O    ;                 ; no       ; Off          ;
; 67       ; 53         ; 2        ; msltsl         ; input  ; 3.3-V LVTTL  ;           ; Row I/O    ; Y               ; no       ; Off          ;
; 68       ; 54         ; 2        ; cmd[0]         ; input  ; 3.3-V LVTTL  ;           ; Row I/O    ; Y               ; no       ; Off          ;
; 69       ; 55         ; 2        ; GND*           ;        ;              ;           ; Row I/O    ;                 ; no       ; Off          ;
; 70       ; 56         ; 2        ; RATN           ; input  ; 3.3-V LVTTL  ;           ; Row I/O    ; Y               ; no       ; Off          ;
; 71       ; 57         ; 2        ; rs[3]          ; output ; 3.3-V LVTTL  ;           ; Row I/O    ; Y               ; no       ; Off          ;
; 72       ; 58         ; 2        ; rs[0]          ; output ; 3.3-V LVTTL  ;           ; Row I/O    ; Y               ; no       ; Off          ;
; 73       ; 59         ; 2        ; r[13]          ; bidir  ; 3.3-V LVTTL  ;           ; Row I/O    ; Y               ; no       ; Off          ;
; 74       ; 60         ; 2        ; r[6]           ; bidir  ; 3.3-V LVTTL  ;           ; Row I/O    ; Y               ; no       ; Off          ;
; 75       ; 61         ; 2        ; r[12]          ; bidir  ; 3.3-V LVTTL  ;           ; Column I/O ; Y               ; no       ; Off          ;
; 76       ; 62         ; 2        ; r[5]           ; bidir  ; 3.3-V LVTTL  ;           ; Column I/O ; Y               ; no       ; Off          ;
; 77       ; 63         ; 2        ; r[0]           ; bidir  ; 3.3-V LVTTL  ;           ; Column I/O ; Y               ; no       ; Off          ;
; 78       ; 64         ; 2        ; r[1]           ; bidir  ; 3.3-V LVTTL  ;           ; Column I/O ; Y               ; no       ; Off          ;
; 79       ;            ;          ; GNDIO          ; gnd    ;              ;           ; --         ;                 ; --       ; --           ;
; 80       ;            ; 2        ; VCCIO2         ; power  ;              ; 3.3V      ; --         ;                 ; --       ; --           ;
; 81       ; 65         ; 2        ; r[7]           ; bidir  ; 3.3-V LVTTL  ;           ; Column I/O ; Y               ; no       ; Off          ;
; 82       ; 66         ; 2        ; r[11]          ; bidir  ; 3.3-V LVTTL  ;           ; Column I/O ; Y               ; no       ; Off          ;
; 83       ; 67         ; 2        ; r[8]           ; bidir  ; 3.3-V LVTTL  ;           ; Column I/O ; Y               ; no       ; Off          ;
; 84       ; 68         ; 2        ; r[9]           ; bidir  ; 3.3-V LVTTL  ;           ; Column I/O ; Y               ; no       ; Off          ;
; 85       ; 69         ; 2        ; ACK            ; output ; 3.3-V LVTTL  ;           ; Column I/O ; Y               ; no       ; Off          ;
; 86       ; 70         ; 2        ; r[10]          ; bidir  ; 3.3-V LVTTL  ;           ; Column I/O ; Y               ; no       ; Off          ;
; 87       ; 71         ; 2        ; GND*           ;        ;              ;           ; Column I/O ;                 ; no       ; Off          ;
; 88       ; 72         ; 2        ; cmd[1]         ; input  ; 3.3-V LVTTL  ;           ; Column I/O ; Y               ; no       ; Off          ;
; 89       ; 73         ; 2        ; GND*           ;        ;              ;           ; Column I/O ;                 ; no       ; Off          ;
; 90       ; 74         ; 2        ; ATN            ; output ; 3.3-V LVTTL  ;           ; Column I/O ; Y               ; no       ; Off          ;
; 91       ; 75         ; 2        ; rs[1]          ; output ; 3.3-V LVTTL  ;           ; Column I/O ; Y               ; no       ; Off          ;
; 92       ; 76         ; 2        ; rs[2]          ; output ; 3.3-V LVTTL  ;           ; Column I/O ; Y               ; no       ; Off          ;
; 93       ;            ;          ; GNDIO          ; gnd    ;              ;           ; --         ;                 ; --       ; --           ;
; 94       ;            ; 2        ; VCCIO2         ; power  ;              ; 3.3V      ; --         ;                 ; --       ; --           ;
; 95       ; 77         ; 2        ; r[15]          ; bidir  ; 3.3-V LVTTL  ;           ; Column I/O ; Y               ; no       ; Off          ;
; 96       ; 78         ; 2        ; r[4]           ; bidir  ; 3.3-V LVTTL  ;           ; Column I/O ; Y               ; no       ; Off          ;
; 97       ; 79         ; 2        ; r[14]          ; bidir  ; 3.3-V LVTTL  ;           ; Column I/O ; Y               ; no       ; Off          ;
; 98       ; 80         ; 2        ; r[3]           ; bidir  ; 3.3-V LVTTL  ;           ; Column I/O ; Y               ; no       ; Off          ;
; 99       ; 81         ; 2        ; r[2]           ; bidir  ; 3.3-V LVTTL  ;           ; Column I/O ; Y               ; no       ; Off          ;
; 100      ; 82         ; 2        ; GND*           ;        ;              ;           ; Column I/O ;                 ; no       ; Off          ;
+----------+------------+----------+----------------+--------+--------------+-----------+------------+-----------------+----------+--------------+
Note: Pin directions (input, output or bidir) are based on device operating in user mode.


+-------------------------------------------------------------+
; Output Pin Default Load For Reported TCO                    ;
+----------------------------+-------+------------------------+
; I/O Standard               ; Load  ; Termination Resistance ;
+----------------------------+-------+------------------------+
; 3.3-V LVTTL                ; 10 pF ; Not Available          ;
; 3.3-V LVCMOS               ; 10 pF ; Not Available          ;
; 2.5 V                      ; 10 pF ; Not Available          ;
; 1.8 V                      ; 10 pF ; Not Available          ;
; 1.5 V                      ; 10 pF ; Not Available          ;
; 3.3V Schmitt Trigger Input ; 10 pF ; Not Available          ;
; 2.5V Schmitt Trigger Input ; 10 pF ; Not Available          ;
+----------------------------+-------+------------------------+
Note: User assignments will override these defaults. The user specified values are listed in the Output Pins and Bidir Pins tables.


+-------------------------------------------------------------------------------------------------------------------------------------------------------------------------------------------------------------------------------------------------------+
; Fitter Resource Utilization by Entity                                                                                                                                                                                                                 ;
+-----------------------------+-------------+--------------+------------+------+--------------+--------------+-------------------+------------------+-----------------+------------+--------------------------------+--------------------+--------------+
; Compilation Hierarchy Node  ; Logic Cells ; LC Registers ; UFM Blocks ; Pins ; Virtual Pins ; LUT-Only LCs ; Register-Only LCs ; LUT/Register LCs ; Carry Chain LCs ; Packed LCs ; Full Hierarchy Name            ; Entity Name        ; Library Name ;
+-----------------------------+-------------+--------------+------------+------+--------------+--------------+-------------------+------------------+-----------------+------------+--------------------------------+--------------------+--------------+
; |RPMPv3                     ; 170 (170)   ; 110          ; 1          ; 66   ; 0            ; 60 (60)      ; 30 (30)           ; 80 (80)          ; 23 (23)         ; 8 (8)      ; |RPMPv3                        ; RPMPv3             ; work         ;
;    |osc_altufm_osc_518:ufm| ; 0 (0)       ; 0            ; 1          ; 0    ; 0            ; 0 (0)        ; 0 (0)             ; 0 (0)            ; 0 (0)           ; 0 (0)      ; |RPMPv3|osc_altufm_osc_518:ufm ; osc_altufm_osc_518 ; work         ;
+-----------------------------+-------------+--------------+------------+------+--------------+--------------+-------------------+------------------+-----------------+------------+--------------------------------+--------------------+--------------+
Note: For table entries with two numbers listed, the numbers in parentheses indicate the number of resources of the given type used by the specific entity alone. The numbers listed outside of parentheses indicate the total resources of the given type used by the specific entity and all of its sub-entities in the hierarchy.


+-----------------------------------+
; Delay Chain Summary               ;
+--------+----------+---------------+
; Name   ; Pin Type ; Pad to Core 0 ;
+--------+----------+---------------+
; clk    ; Input    ; (0)           ;
; rs[0]  ; Output   ; --            ;
; rs[1]  ; Output   ; --            ;
; rs[2]  ; Output   ; --            ;
; rs[3]  ; Output   ; --            ;
; led[0] ; Output   ; --            ;
; led[1] ; Output   ; --            ;
; led[2] ; Output   ; --            ;
; ACK    ; Output   ; --            ;
; ATN    ; Output   ; --            ;
; zclk   ; Input    ; (0)           ;
; zint   ; Output   ; --            ;
; mbd    ; Output   ; --            ;
; zwait  ; Output   ; --            ;
; dd     ; Output   ; --            ;
; cd     ; Output   ; --            ;
; ad     ; Output   ; --            ;
; r[0]   ; Bidir    ; (1)           ;
; r[1]   ; Bidir    ; (1)           ;
; r[2]   ; Bidir    ; (1)           ;
; r[3]   ; Bidir    ; (1)           ;
; r[4]   ; Bidir    ; (1)           ;
; r[5]   ; Bidir    ; (1)           ;
; r[6]   ; Bidir    ; (1)           ;
; r[7]   ; Bidir    ; (1)           ;
; r[8]   ; Bidir    ; (1)           ;
; r[9]   ; Bidir    ; (1)           ;
; r[10]  ; Bidir    ; (0)           ;
; r[11]  ; Bidir    ; (1)           ;
; r[12]  ; Bidir    ; (0)           ;
; r[13]  ; Bidir    ; (0)           ;
; r[14]  ; Bidir    ; (1)           ;
; r[15]  ; Bidir    ; (1)           ;
; d[0]   ; Bidir    ; (1)           ;
; d[1]   ; Bidir    ; (1)           ;
; d[2]   ; Bidir    ; (1)           ;
; d[3]   ; Bidir    ; (1)           ;
; d[4]   ; Bidir    ; (1)           ;
; d[5]   ; Bidir    ; (1)           ;
; d[6]   ; Bidir    ; (1)           ;
; d[7]   ; Bidir    ; (1)           ;
; zrd    ; Input    ; (1)           ;
; zmreq  ; Input    ; (1)           ;
; msltsl ; Input    ; (1)           ;
; zrst   ; Input    ; (1)           ;
; ziorq  ; Input    ; (1)           ;
; a[7]   ; Input    ; (1)           ;
; a[5]   ; Input    ; (1)           ;
; a[6]   ; Input    ; (1)           ;
; a[2]   ; Input    ; (1)           ;
; a[3]   ; Input    ; (1)           ;
; a[1]   ; Input    ; (1)           ;
; a[0]   ; Input    ; (1)           ;
; a[4]   ; Input    ; (1)           ;
; RATN   ; Input    ; (1)           ;
; cmd[0] ; Input    ; (1)           ;
; cmd[1] ; Input    ; (1)           ;
; zwr    ; Input    ; (1)           ;
; a[8]   ; Input    ; (1)           ;
; a[9]   ; Input    ; (1)           ;
; a[10]  ; Input    ; (1)           ;
; a[11]  ; Input    ; (1)           ;
; a[12]  ; Input    ; (1)           ;
; a[13]  ; Input    ; (1)           ;
; a[14]  ; Input    ; (1)           ;
; a[15]  ; Input    ; (1)           ;
+--------+----------+---------------+


+----------------------------------------------------------------------------------------------------------------------------------------------+
; Control Signals                                                                                                                              ;
+--------------------------------------------------+--------------+---------+---------------+--------+----------------------+------------------+
; Name                                             ; Location     ; Fan-Out ; Usage         ; Global ; Global Resource Used ; Global Line Name ;
+--------------------------------------------------+--------------+---------+---------------+--------+----------------------+------------------+
; Decoder0~1                                       ; LC_X4_Y2_N5  ; 10      ; Clock enable  ; no     ; --                   ; --               ;
; errors[7]~3                                      ; LC_X3_Y2_N4  ; 8       ; Clock enable  ; no     ; --                   ; --               ;
; osc_altufm_osc_518:ufm|wire_maxii_ufm_block1_osc ; UFM_X0_Y1_N4 ; 110     ; Clock         ; yes    ; Global Clock         ; GCLK3            ;
; r[0]~33                                          ; LC_X4_Y2_N8  ; 12      ; Sync. load    ; no     ; --                   ; --               ;
; r[0]~en                                          ; LC_X6_Y3_N7  ; 1       ; Output enable ; no     ; --                   ; --               ;
; r[10]~en                                         ; LC_X4_Y2_N6  ; 1       ; Output enable ; no     ; --                   ; --               ;
; r[11]~42                                         ; LC_X4_Y3_N8  ; 8       ; Clock enable  ; no     ; --                   ; --               ;
; r[11]~en                                         ; LC_X4_Y2_N2  ; 1       ; Output enable ; no     ; --                   ; --               ;
; r[12]~en                                         ; LC_X7_Y2_N5  ; 1       ; Output enable ; no     ; --                   ; --               ;
; r[13]~en                                         ; LC_X7_Y2_N1  ; 1       ; Output enable ; no     ; --                   ; --               ;
; r[14]~en                                         ; LC_X3_Y4_N5  ; 1       ; Output enable ; no     ; --                   ; --               ;
; r[15]~46                                         ; LC_X7_Y2_N6  ; 16      ; Clock enable  ; no     ; --                   ; --               ;
; r[15]~en                                         ; LC_X3_Y4_N2  ; 1       ; Output enable ; no     ; --                   ; --               ;
; r[1]~en                                          ; LC_X7_Y1_N0  ; 1       ; Output enable ; no     ; --                   ; --               ;
; r[2]~en                                          ; LC_X6_Y3_N4  ; 1       ; Output enable ; no     ; --                   ; --               ;
; r[3]~en                                          ; LC_X6_Y3_N3  ; 1       ; Output enable ; no     ; --                   ; --               ;
; r[4]~en                                          ; LC_X4_Y4_N8  ; 1       ; Output enable ; no     ; --                   ; --               ;
; r[5]~en                                          ; LC_X7_Y2_N7  ; 1       ; Output enable ; no     ; --                   ; --               ;
; r[6]~en                                          ; LC_X7_Y4_N7  ; 1       ; Output enable ; no     ; --                   ; --               ;
; r[7]~en                                          ; LC_X6_Y3_N5  ; 1       ; Output enable ; no     ; --                   ; --               ;
; r[8]~en                                          ; LC_X4_Y2_N5  ; 1       ; Output enable ; no     ; --                   ; --               ;
; r[9]~en                                          ; LC_X4_Y2_N4  ; 1       ; Output enable ; no     ; --                   ; --               ;
; rvalid                                           ; LC_X4_Y1_N4  ; 11      ; Output enable ; no     ; --                   ; --               ;
; test_addr[0]~30                                  ; LC_X4_Y3_N0  ; 16      ; Clock enable  ; no     ; --                   ; --               ;
+--------------------------------------------------+--------------+---------+---------------+--------+----------------------+------------------+


+---------------------------------------------------------------------------------------------------------------------+
; Global & Other Fast Signals                                                                                         ;
+--------------------------------------------------+--------------+---------+----------------------+------------------+
; Name                                             ; Location     ; Fan-Out ; Global Resource Used ; Global Line Name ;
+--------------------------------------------------+--------------+---------+----------------------+------------------+
; osc_altufm_osc_518:ufm|wire_maxii_ufm_block1_osc ; UFM_X0_Y1_N4 ; 110     ; Global Clock         ; GCLK3            ;
+--------------------------------------------------+--------------+---------+----------------------+------------------+


+--------------------------------------------+
; Routing Usage Summary                      ;
+-----------------------+--------------------+
; Routing Resource Type ; Usage              ;
+-----------------------+--------------------+
; C4s                   ; 187 / 784 ( 24 % ) ;
; Direct links          ; 8 / 888 ( < 1 % )  ;
; Global clocks         ; 1 / 4 ( 25 % )     ;
; LAB clocks            ; 6 / 32 ( 19 % )    ;
; LUT chains            ; 5 / 216 ( 2 % )    ;
; Local interconnects   ; 261 / 888 ( 29 % ) ;
; R4s                   ; 146 / 704 ( 21 % ) ;
+-----------------------+--------------------+


+---------------------------------------------------------------------------+
; LAB Logic Elements                                                        ;
+--------------------------------------------+------------------------------+
; Number of Logic Elements  (Average = 8.10) ; Number of LABs  (Total = 21) ;
+--------------------------------------------+------------------------------+
; 1                                          ; 1                            ;
; 2                                          ; 1                            ;
; 3                                          ; 1                            ;
; 4                                          ; 1                            ;
; 5                                          ; 0                            ;
; 6                                          ; 0                            ;
; 7                                          ; 0                            ;
; 8                                          ; 3                            ;
; 9                                          ; 4                            ;
; 10                                         ; 10                           ;
+--------------------------------------------+------------------------------+


+-------------------------------------------------------------------+
; LAB-wide Signals                                                  ;
+------------------------------------+------------------------------+
; LAB-wide Signals  (Average = 1.62) ; Number of LABs  (Total = 21) ;
+------------------------------------+------------------------------+
; 1 Clock                            ; 21                           ;
; 1 Clock enable                     ; 8                            ;
; 1 Sync. load                       ; 5                            ;
+------------------------------------+------------------------------+


+----------------------------------------------------------------------------+
; LAB Signals Sourced                                                        ;
+---------------------------------------------+------------------------------+
; Number of Signals Sourced  (Average = 8.57) ; Number of LABs  (Total = 21) ;
+---------------------------------------------+------------------------------+
; 0                                           ; 0                            ;
; 1                                           ; 1                            ;
; 2                                           ; 1                            ;
; 3                                           ; 1                            ;
; 4                                           ; 0                            ;
; 5                                           ; 1                            ;
; 6                                           ; 0                            ;
; 7                                           ; 0                            ;
; 8                                           ; 2                            ;
; 9                                           ; 4                            ;
; 10                                          ; 7                            ;
; 11                                          ; 1                            ;
; 12                                          ; 3                            ;
+---------------------------------------------+------------------------------+


+--------------------------------------------------------------------------------+
; LAB Signals Sourced Out                                                        ;
+-------------------------------------------------+------------------------------+
; Number of Signals Sourced Out  (Average = 6.00) ; Number of LABs  (Total = 21) ;
+-------------------------------------------------+------------------------------+
; 0                                               ; 0                            ;
; 1                                               ; 1                            ;
; 2                                               ; 4                            ;
; 3                                               ; 2                            ;
; 4                                               ; 1                            ;
; 5                                               ; 1                            ;
; 6                                               ; 1                            ;
; 7                                               ; 2                            ;
; 8                                               ; 3                            ;
; 9                                               ; 4                            ;
; 10                                              ; 1                            ;
; 11                                              ; 0                            ;
; 12                                              ; 1                            ;
+-------------------------------------------------+------------------------------+


+-----------------------------------------------------------------------------+
; LAB Distinct Inputs                                                         ;
+----------------------------------------------+------------------------------+
; Number of Distinct Inputs  (Average = 10.10) ; Number of LABs  (Total = 21) ;
+----------------------------------------------+------------------------------+
; 0                                            ; 0                            ;
; 1                                            ; 0                            ;
; 2                                            ; 1                            ;
; 3                                            ; 2                            ;
; 4                                            ; 1                            ;
; 5                                            ; 1                            ;
; 6                                            ; 1                            ;
; 7                                            ; 2                            ;
; 8                                            ; 0                            ;
; 9                                            ; 3                            ;
; 10                                           ; 3                            ;
; 11                                           ; 0                            ;
; 12                                           ; 0                            ;
; 13                                           ; 2                            ;
; 14                                           ; 0                            ;
; 15                                           ; 1                            ;
; 16                                           ; 0                            ;
; 17                                           ; 1                            ;
; 18                                           ; 1                            ;
; 19                                           ; 1                            ;
; 20                                           ; 0                            ;
; 21                                           ; 0                            ;
; 22                                           ; 0                            ;
; 23                                           ; 1                            ;
+----------------------------------------------+------------------------------+


+-------------------------------------------------------------------------+
; Fitter Device Options                                                   ;
+----------------------------------------------+--------------------------+
; Option                                       ; Setting                  ;
+----------------------------------------------+--------------------------+
; Enable user-supplied start-up clock (CLKUSR) ; Off                      ;
; Enable device-wide reset (DEV_CLRn)          ; Off                      ;
; Enable device-wide output enable (DEV_OE)    ; Off                      ;
; Enable INIT_DONE output                      ; Off                      ;
; Configuration scheme                         ; Passive Serial           ;
; Reserve all unused pins                      ; As output driving ground ;
+----------------------------------------------+--------------------------+


+-----------------+
; Fitter Messages ;
+-----------------+
Info (20032): Parallel compilation is enabled and will use up to 4 processors
Info (119006): Selected device EPM240T100C5 for design "RPMPv3"
Info (21077): Low junction temperature is 0 degrees C
Info (21077): High junction temperature is 85 degrees C
Info (171003): Fitter is performing an Auto Fit compilation, which may decrease Fitter effort to reduce compilation time
Warning (292013): Feature LogicLock is only available with a valid subscription license. You can purchase a software subscription to gain full access to this feature.
Info (176444): Device migration not selected. If you intend to use device migration later, you may need to change the pin assignments as they may be incompatible with other devices
    Info (176445): Device EPM240T100I5 is compatible
    Info (176445): Device EPM240T100A5 is compatible
    Info (176445): Device EPM570T100C5 is compatible
    Info (176445): Device EPM570T100I5 is compatible
    Info (176445): Device EPM570T100A5 is compatible
Critical Warning (332012): Synopsys Design Constraints File file not found: 'RPMPv3.sdc'. A Synopsys Design Constraints File is required by the TimeQuest Timing Analyzer to get proper timing constraints. Without it, the Compiler will not properly optimize the design.
Info (332144): No user constrained generated clocks found in the design
Info (332144): No user constrained base clocks found in the design
Info (332096): The command derive_clocks did not find any clocks to derive.  No clocks were created or changed.
Info (332128): Timing requirements not specified -- optimizing circuit to achieve the following default global requirements
    Info (332127): Assuming a default timing requirement
Info (332111): Found 1 clocks
    Info (332111):   Period   Clock Name
    Info (332111): ======== ============
    Info (332111):  181.818 ufm|maxii_ufm_block1|osc
Info (186079): Completed User Assigned Global Signals Promotion Operation
Info (186215): Automatically promoted signal "osc_altufm_osc_518:ufm|wire_maxii_ufm_block1_osc" to use Global clock File: C:/msys64/home/meesokim/RasMsxPack/osc.v Line: 53
Info (186079): Completed Auto Global Promotion Operation
Info (176234): Starting register packing
Info (186468): Started processing fast register assignments
Info (186469): Finished processing fast register assignments
Info (176235): Finished register packing
Info (171121): Fitter preparation operations ending: elapsed time is 00:00:01
Info (14896): Fitter has disabled Advanced Physical Optimization because it is not supported for the current family.
Info (170189): Fitter placement preparation operations beginning
Info (170190): Fitter placement preparation operations ending: elapsed time is 00:00:00
Info (170191): Fitter placement operations beginning
Info (170137): Fitter placement was successful
Info (170192): Fitter placement operations ending: elapsed time is 00:00:00
Info (170193): Fitter routing operations beginning
Info (170195): Router estimated average interconnect usage is 25% of the available device resources
    Info (170196): Router estimated peak interconnect usage is 25% of the available device resources in the region that extends from location X0_Y0 to location X8_Y5
Info (170199): The Fitter performed an Auto Fit compilation.  Optimizations were skipped to reduce compilation time.
    Info (170201): Optimizations that may affect the design's routability were skipped
    Info (170200): Optimizations that may affect the design's timing were skipped
Info (170194): Fitter routing operations ending: elapsed time is 00:00:00
Info (11888): Total time spent on timing analysis during the Fitter is 0.10 seconds.
Info (11218): Fitter post-fit operations ending: elapsed time is 00:00:00
Warning (171167): Found invalid Fitter assignments. See the Ignored Assignments panel in the Fitter Compilation Report for more information.
Warning (169174): The Reserve All Unused Pins setting has not been specified, and will default to 'As output driving ground'.
Info (144001): Generated suppressed messages file C:/msys64/home/meesokim/RasMsxPack/output_files/RPMPv3.fit.smsg
Info: Quartus Prime Fitter was successful. 0 errors, 4 warnings
    Info: Peak virtual memory: 1341 megabytes
    Info: Processing ended: Mon Apr 23 00:09:50 2018
    Info: Elapsed time: 00:00:03
    Info: Total CPU time (on all processors): 00:00:04


+----------------------------+
; Fitter Suppressed Messages ;
+----------------------------+
The suppressed messages can be found in C:/msys64/home/meesokim/RasMsxPack/output_files/RPMPv3.fit.smsg.


