Flow report for RPMPv3
Mon Apr 23 00:09:58 2018
Quartus Prime Version 17.1.0 Build 590 10/25/2017 SJ Lite Edition


---------------------
; Table of Contents ;
---------------------
  1. Legal Notice
  2. Flow Summary
  3. Flow Settings
  4. Flow Non-Default Global Settings
  5. Flow Elapsed Time
  6. Flow OS Summary
  7. Flow Log
  8. Flow Messages
  9. Flow Suppressed Messages



----------------
; Legal Notice ;
----------------
Copyright (C) 2017  Intel Corporation. All rights reserved.
Your use of Intel Corporation's design tools, logic functions 
and other software and tools, and its AMPP partner logic 
functions, and any output files from any of the foregoing 
(including device programming or simulation files), and any 
associated documentation or information are expressly subject 
to the terms and conditions of the Intel Program License 
Subscription Agreement, the Intel Quartus Prime License Agreement,
the Intel FPGA IP License Agreement, or other applicable license
agreement, including, without limitation, that your use is for
the sole purpose of programming logic devices manufactured by
Intel and sold by Intel or its authorized distributors.  Please
refer to the applicable agreement for further details.



+---------------------------------------------------------------------+
; Flow Summary                                                        ;
+-----------------------+---------------------------------------------+
; Flow Status           ; Successful - Mon Apr 23 00:09:53 2018       ;
; Quartus Prime Version ; 17.1.0 Build 590 10/25/2017 SJ Lite Edition ;
; Revision Name         ; RPMPv3                                      ;
; Top-level Entity Name ; RPMPv3                                      ;
; Family                ; MAX II                                      ;
; Device                ; EPM240T100C5                                ;
; Timing Models         ; Final                                       ;
; Total logic elements  ; 170 / 240 ( 71 % )                          ;
; Total pins            ; 66 / 80 ( 83 % )                            ;
; Total virtual pins    ; 0                                           ;
; UFM blocks            ; 1 / 1 ( 100 % )                             ;
+-----------------------+---------------------------------------------+


+-----------------------------------------+
; Flow Settings                           ;
+-------------------+---------------------+
; Option            ; Setting             ;
+-------------------+---------------------+
; Start date & time ; 04/23/2018 00:09:25 ;
; Main task         ; Compilation         ;
; Revision Name     ; RPMPv3              ;
+-------------------+---------------------+


+---------------------------------------------------------------------------------------------------------------------+
; Flow Non-Default Global Settings                                                                                    ;
+---------------------------------------+------------------------------+---------------+-------------+----------------+
; Assignment Name                       ; Value                        ; Default Value ; Entity Name ; Section Id     ;
+---------------------------------------+------------------------------+---------------+-------------+----------------+
; COMPILER_SIGNATURE_ID                 ; 156973436843.152440976500920 ; --            ; --          ; --             ;
; EDA_OUTPUT_DATA_FORMAT                ; None                         ; --            ; --          ; eda_simulation ;
; EDA_RUN_TOOL_AUTOMATICALLY            ; Off                          ; --            ; --          ; eda_simulation ;
; EDA_TIME_SCALE                        ; 1 ps                         ; --            ; --          ; eda_simulation ;
; MAX_CORE_JUNCTION_TEMP                ; 85                           ; --            ; --          ; --             ;
; MIN_CORE_JUNCTION_TEMP                ; 0                            ; --            ; --          ; --             ;
; MISC_FILE                             ; osc.bsf                      ; --            ; --          ; --             ;
; MISC_FILE                             ; osc_inst.v                   ; --            ; --          ; --             ;
; MISC_FILE                             ; osc_bb.v                     ; --            ; --          ; --             ;
; MISC_FILE                             ; osc.inc                      ; --            ; --          ; --             ;
; MISC_FILE                             ; osc.cmp                      ; --            ; --          ; --             ;
; NUM_PARALLEL_PROCESSORS               ; 4                            ; --            ; --          ; --             ;
; POWER_EXT_SUPPLY_VOLTAGE_TO_REGULATOR ; 3.3V                         ; --            ; --          ; --             ;
; POWER_PRESET_COOLING_SOLUTION         ; No Heat Sink With Still Air  ; --            ; --          ; --             ;
; PROJECT_OUTPUT_DIRECTORY              ; output_files                 ; --            ; --          ; --             ;
+---------------------------------------+------------------------------+---------------+-------------+----------------+


+-------------------------------------------------------------------------------------------------------------------------------+
; Flow Elapsed Time                                                                                                             ;
+---------------------------+--------------+-------------------------+---------------------+------------------------------------+
; Module Name               ; Elapsed Time ; Average Processors Used ; Peak Virtual Memory ; Total CPU Time (on all processors) ;
+---------------------------+--------------+-------------------------+---------------------+------------------------------------+
; Analysis & Synthesis      ; 00:00:21     ; 1.0                     ; 653 MB              ; 00:00:40                           ;
; Fitter                    ; 00:00:03     ; 1.0                     ; 1341 MB             ; 00:00:04                           ;
; Assembler                 ; 00:00:01     ; 1.0                     ; 592 MB              ; 00:00:01                           ;
; TimeQuest Timing Analyzer ; 00:00:03     ; 1.0                     ; 621 MB              ; 00:00:02                           ;
; Total                     ; 00:00:28     ; --                      ; --                  ; 00:00:47                           ;
+---------------------------+--------------+-------------------------+---------------------+------------------------------------+


+-----------------------------------------------------------------------------------------+
; Flow OS Summary                                                                         ;
+---------------------------+------------------+------------+------------+----------------+
; Module Name               ; Machine Hostname ; OS Name    ; OS Version ; Processor type ;
+---------------------------+------------------+------------+------------+----------------+
; Analysis & Synthesis      ; DESKTOP-55AOT92  ; Windows 10 ; 10.0       ; x86_64         ;
; Fitter                    ; DESKTOP-55AOT92  ; Windows 10 ; 10.0       ; x86_64         ;
; Assembler                 ; DESKTOP-55AOT92  ; Windows 10 ; 10.0       ; x86_64         ;
; TimeQuest Timing Analyzer ; DESKTOP-55AOT92  ; Windows 10 ; 10.0       ; x86_64         ;
+---------------------------+------------------+------------+------------+----------------+


------------
; Flow Log ;
------------
quartus_map --read_settings_files=on --write_settings_files=off RPMPv3 -c RPMPv3
quartus_fit --read_settings_files=off --write_settings_files=off RPMPv3 -c RPMPv3
quartus_asm --read_settings_files=off --write_settings_files=off RPMPv3 -c RPMPv3
quartus_sta RPMPv3 -c RPMPv3



